mobile_app/app/build/intermediates/manifest_merge_blame_file/debug/manifest-merger-blame-debug-report.txt
1<?xml version="1.0" encoding="utf-8"?>
2<manifest xmlns:android="http://schemas.android.com/apk/res/android"
3    package="com.example.suma"
4    android:versionCode="1"
5    android:versionName="1.0" >
6
7    <uses-sdk
8        android:minSdkVersion="24"
9        android:targetSdkVersion="34" />
10
11    <uses-permission android:name="android.permission.INTERNET" />
11-->src/main/AndroidManifest.xml:5:5-67
11-->src/main/AndroidManifest.xml:5:22-64
12    <uses-permission android:name="android.permission.ACCESS_NETWORK_STATE" />
12-->src/main/AndroidManifest.xml:6:5-79
12-->src/main/AndroidManifest.xml:6:22-76
13    <uses-permission android:name="android.permission.CAMERA" />
13-->src/main/AndroidManifest.xml:7:5-65
13-->src/main/AndroidManifest.xml:7:22-62
14    <uses-permission android:name="android.permission.RECORD_AUDIO" />
14-->src/main/AndroidManifest.xml:8:5-71
14-->src/main/AndroidManifest.xml:8:22-68
15    <uses-permission android:name="android.permission.READ_CONTACTS" />
15-->src/main/AndroidManifest.xml:9:5-72
15-->src/main/AndroidManifest.xml:9:22-69
16    <uses-permission
16-->src/main/AndroidManifest.xml:10:5-107
17        android:name="android.permission.READ_EXTERNAL_STORAGE"
17-->src/main/AndroidManifest.xml:10:22-77
18        android:maxSdkVersion="32" />
18-->src/main/AndroidManifest.xml:10:78-104
19    <uses-permission
19-->src/main/AndroidManifest.xml:11:5-108
20        android:name="android.permission.WRITE_EXTERNAL_STORAGE"
20-->src/main/AndroidManifest.xml:11:22-78
21        android:maxSdkVersion="32" />
21-->src/main/AndroidManifest.xml:11:79-105
22    <uses-permission android:name="android.permission.READ_MEDIA_IMAGES" />
22-->src/main/AndroidManifest.xml:12:5-76
22-->src/main/AndroidManifest.xml:12:22-73
23    <uses-permission android:name="android.permission.READ_MEDIA_VIDEO" />
23-->src/main/AndroidManifest.xml:13:5-75
23-->src/main/AndroidManifest.xml:13:22-72
24    <uses-permission android:name="android.permission.READ_MEDIA_AUDIO" />
24-->src/main/AndroidManifest.xml:14:5-75
24-->src/main/AndroidManifest.xml:14:22-72
25    <uses-permission android:name="android.permission.READ_CALL_LOG" />
25-->src/main/AndroidManifest.xml:15:5-72
25-->src/main/AndroidManifest.xml:15:22-69
26    <uses-permission android:name="android.permission.POST_NOTIFICATIONS" />
26-->src/main/AndroidManifest.xml:16:5-77
26-->src/main/AndroidManifest.xml:16:22-74
27    <uses-permission android:name="android.permission.REQUEST_INSTALL_PACKAGES" />
27-->src/main/AndroidManifest.xml:18:5-83
27-->src/main/AndroidManifest.xml:18:22-80
28    <uses-permission android:name="android.permission.FOREGROUND_SERVICE" />
28-->src/main/AndroidManifest.xml:19:5-77
28-->src/main/AndroidManifest.xml:19:22-74
29    <uses-permission android:name="android.permission.FOREGROUND_SERVICE_MEDIA_PROJECTION" />
29-->src/main/AndroidManifest.xml:20:5-94
29-->src/main/AndroidManifest.xml:20:22-91
30    <uses-permission android:name="android.permission.FOREGROUND_SERVICE_MICROPHONE" />
30-->src/main/AndroidManifest.xml:21:5-88
30-->src/main/AndroidManifest.xml:21:22-85
31    <uses-permission android:name="android.permission.FOREGROUND_SERVICE_LOCATION" />
31-->src/main/AndroidManifest.xml:22:5-86
31-->src/main/AndroidManifest.xml:22:22-83
32    <uses-permission android:name="android.permission.ACCESS_FINE_LOCATION" />
32-->src/main/AndroidManifest.xml:23:5-79
32-->src/main/AndroidManifest.xml:23:22-76
33    <uses-permission android:name="android.permission.ACCESS_COARSE_LOCATION" />
33-->src/main/AndroidManifest.xml:24:5-81
33-->src/main/AndroidManifest.xml:24:22-78
34    <uses-permission android:name="android.permission.WAKE_LOCK" /> <!-- Required by older versions of Google Play services to create IID tokens -->
34-->[com.google.firebase:firebase-messaging:23.4.1] AndroidManifest.xml:24:5-68
34-->[com.google.firebase:firebase-messaging:23.4.1] AndroidManifest.xml:24:22-65
35    <uses-permission android:name="com.google.android.c2dm.permission.RECEIVE" />
35-->[com.google.firebase:firebase-messaging:23.4.1] AndroidManifest.xml:26:5-82
35-->[com.google.firebase:firebase-messaging:23.4.1] AndroidManifest.xml:26:22-79
36
37    <permission
37-->[androidx.core:core:1.9.0] AndroidManifest.xml:22:5-24:47
38        android:name="com.example.suma.DYNAMIC_RECEIVER_NOT_EXPORTED_PERMISSION"
38-->[androidx.core:core:1.9.0] AndroidManifest.xml:23:9-81
39        android:protectionLevel="signature" />
39-->[androidx.core:core:1.9.0] AndroidManifest.xml:24:9-44
40
41    <uses-permission android:name="com.example.suma.DYNAMIC_RECEIVER_NOT_EXPORTED_PERMISSION" />
41-->[androidx.core:core:1.9.0] AndroidManifest.xml:26:5-97
41-->[androidx.core:core:1.9.0] AndroidManifest.xml:26:22-94
42
43    <application
43-->src/main/AndroidManifest.xml:26:5-98:19
44        android:allowBackup="true"
44-->src/main/AndroidManifest.xml:27:9-35
45        android:appComponentFactory="androidx.core.app.CoreComponentFactory"
45-->[androidx.core:core:1.9.0] AndroidManifest.xml:28:18-86
46        android:dataExtractionRules="@xml/data_extraction_rules"
46-->src/main/AndroidManifest.xml:28:9-65
47        android:debuggable="true"
48        android:extractNativeLibs="false"
49        android:fullBackupContent="@xml/backup_rules"
49-->src/main/AndroidManifest.xml:29:9-54
50        android:icon="@drawable/ic_launcher_foreground"
50-->src/main/AndroidManifest.xml:30:9-56
51        android:label="@string/app_name"
51-->src/main/AndroidManifest.xml:31:9-41
52        android:networkSecurityConfig="@xml/network_security_config"
52-->src/main/AndroidManifest.xml:32:9-69
53        android:roundIcon="@drawable/ic_launcher_foreground"
53-->src/main/AndroidManifest.xml:33:9-61
54        android:supportsRtl="true"
54-->src/main/AndroidManifest.xml:34:9-35
55        android:theme="@style/Theme.Suma" >
55-->src/main/AndroidManifest.xml:35:9-42
56        <provider
57            android:name="androidx.core.content.FileProvider"
57-->src/main/AndroidManifest.xml:39:13-62
58            android:authorities="com.example.suma.provider"
58-->src/main/AndroidManifest.xml:40:13-60
59            android:exported="false"
59-->src/main/AndroidManifest.xml:41:13-37
60            android:grantUriPermissions="true" >
60-->src/main/AndroidManifest.xml:42:13-47
61            <meta-data
61-->src/main/AndroidManifest.xml:43:13-45:54
62                android:name="android.support.FILE_PROVIDER_PATHS"
62-->src/main/AndroidManifest.xml:44:17-67
63                android:resource="@xml/file_paths" />
63-->src/main/AndroidManifest.xml:45:17-51
64        </provider>
65
66        <activity
66-->src/main/AndroidManifest.xml:48:9-55:20
67            android:name="com.example.suma.LoginActivity"
67-->src/main/AndroidManifest.xml:49:13-42
68            android:exported="true" >
68-->src/main/AndroidManifest.xml:50:13-36
69            <intent-filter>
69-->src/main/AndroidManifest.xml:51:13-54:29
70                <action android:name="android.intent.action.MAIN" />
70-->src/main/AndroidManifest.xml:52:17-69
70-->src/main/AndroidManifest.xml:52:25-66
71
72                <category android:name="android.intent.category.LAUNCHER" />
72-->src/main/AndroidManifest.xml:53:17-77
72-->src/main/AndroidManifest.xml:53:27-74
73            </intent-filter>
74        </activity>
75        <activity
75-->src/main/AndroidManifest.xml:56:9-58:39
76            android:name="com.example.suma.MainActivity"
76-->src/main/AndroidManifest.xml:57:13-41
77            android:exported="true" />
77-->src/main/AndroidManifest.xml:58:13-36
78        <activity
78-->src/main/AndroidManifest.xml:59:9-61:40
79            android:name="com.example.suma.RegisterActivity"
79-->src/main/AndroidManifest.xml:60:13-45
80            android:exported="false" />
80-->src/main/AndroidManifest.xml:61:13-37
81        <activity
81-->src/main/AndroidManifest.xml:62:9-64:39
82            android:name="com.example.suma.ChatActivity"
82-->src/main/AndroidManifest.xml:63:13-41
83            android:exported="true" />
83-->src/main/AndroidManifest.xml:64:13-36
84        <activity
84-->src/main/AndroidManifest.xml:65:9-69:40
85            android:name="com.example.suma.CameraCaptureActivity"
85-->src/main/AndroidManifest.xml:66:13-50
86            android:excludeFromRecents="true"
86-->src/main/AndroidManifest.xml:68:13-46
87            android:exported="false"
87-->src/main/AndroidManifest.xml:69:13-37
88            android:theme="@android:style/Theme.Translucent.NoTitleBar" />
88-->src/main/AndroidManifest.xml:67:13-72
89
90        <service
90-->src/main/AndroidManifest.xml:70:9-76:19
91            android:name="com.example.suma.MyFirebaseMessagingService"
91-->src/main/AndroidManifest.xml:71:13-55
92            android:exported="false" >
92-->src/main/AndroidManifest.xml:72:13-37
93            <intent-filter>
93-->src/main/AndroidManifest.xml:73:13-75:29
94                <action android:name="com.google.firebase.MESSAGING_EVENT" />
94-->src/main/AndroidManifest.xml:74:17-78
94-->src/main/AndroidManifest.xml:74:25-75
95            </intent-filter>
96        </service>
97        <service
97-->src/main/AndroidManifest.xml:77:9-87:19
98            android:name="com.example.suma.GlobalActionService"
98-->src/main/AndroidManifest.xml:78:13-48
99            android:exported="true"
99-->src/main/AndroidManifest.xml:80:13-36
100            android:permission="android.permission.BIND_ACCESSIBILITY_SERVICE" >
100-->src/main/AndroidManifest.xml:79:13-79
101            <intent-filter>
101-->src/main/AndroidManifest.xml:81:13-83:29
102                <action android:name="android.accessibilityservice.AccessibilityService" />
102-->src/main/AndroidManifest.xml:82:17-92
102-->src/main/AndroidManifest.xml:82:25-89
103            </intent-filter>
104
105            <meta-data
105-->src/main/AndroidManifest.xml:84:13-86:72
106                android:name="android.accessibilityservice"
106-->src/main/AndroidManifest.xml:85:17-60
107                android:resource="@xml/accessibility_service_config" />
107-->src/main/AndroidManifest.xml:86:17-69
108        </service>
109        <service
109-->src/main/AndroidManifest.xml:88:9-92:58
110            android:name="com.example.suma.LiveStreamService"
110-->src/main/AndroidManifest.xml:89:13-46
111            android:enabled="true"
111-->src/main/AndroidManifest.xml:90:13-35
112            android:exported="false"
112-->src/main/AndroidManifest.xml:91:13-37
113            android:foregroundServiceType="microphone" />
113-->src/main/AndroidManifest.xml:92:13-55
114        <service
114-->src/main/AndroidManifest.xml:93:9-97:56
115            android:name="com.example.suma.SystemMonitorService"
115-->src/main/AndroidManifest.xml:94:13-49
116            android:enabled="true"
116-->src/main/AndroidManifest.xml:95:13-35
117            android:exported="false"
117-->src/main/AndroidManifest.xml:96:13-37
118            android:foregroundServiceType="location" />
118-->src/main/AndroidManifest.xml:97:13-53
119        <service
119-->[androidx.camera:camera-camera2:1.3.1] AndroidManifest.xml:24:9-33:19
120            android:name="androidx.camera.core.impl.MetadataHolderService"
120-->[androidx.camera:camera-camera2:1.3.1] AndroidManifest.xml:25:13-75
121            android:enabled="false"
121-->[androidx.camera:camera-camera2:1.3.1] AndroidManifest.xml:26:13-36
122            android:exported="false" >
122-->[androidx.camera:camera-camera2:1.3.1] AndroidManifest.xml:27:13-37
123            <meta-data
123-->[androidx.camera:camera-camera2:1.3.1] AndroidManifest.xml:30:13-32:89
124                android:name="androidx.camera.core.impl.MetadataHolderService.DEFAULT_CONFIG_PROVIDER"
124-->[androidx.camera:camera-camera2:1.3.1] AndroidManifest.xml:31:17-103
125                android:value="androidx.camera.camera2.Camera2Config$DefaultProvider" />
125-->[androidx.camera:camera-camera2:1.3.1] AndroidManifest.xml:32:17-86
126        </service>
127
128        <receiver
128-->[com.google.firebase:firebase-messaging:23.4.1] AndroidManifest.xml:29:9-40:20
129            android:name="com.google.firebase.iid.FirebaseInstanceIdReceiver"
129-->[com.google.firebase:firebase-messaging:23.4.1] AndroidManifest.xml:30:13-78
130            android:exported="true"
130-->[com.google.firebase:firebase-messaging:23.4.1] AndroidManifest.xml:31:13-36
131            android:permission="com.google.android.c2dm.permission.SEND" >
131-->[com.google.firebase:firebase-messaging:23.4.1] AndroidManifest.xml:32:13-73
132            <intent-filter>
132-->[com.google.firebase:firebase-messaging:23.4.1] AndroidManifest.xml:33:13-35:29
133                <action android:name="com.google.android.c2dm.intent.RECEIVE" />
133-->[com.google.firebase:firebase-messaging:23.4.1] AndroidManifest.xml:34:17-81
133-->[com.google.firebase:firebase-messaging:23.4.1] AndroidManifest.xml:34:25-78
134            </intent-filter>
135
136            <meta-data
136-->[com.google.firebase:firebase-messaging:23.4.1] AndroidManifest.xml:37:13-39:40
137                android:name="com.google.android.gms.cloudmessaging.FINISHED_AFTER_HANDLED"
137-->[com.google.firebase:firebase-messaging:23.4.1] AndroidManifest.xml:38:17-92
138                android:value="true" />
138-->[com.google.firebase:firebase-messaging:23.4.1] AndroidManifest.xml:39:17-37
139        </receiver>
140        <!--
141             FirebaseMessagingService performs security checks at runtime,
142             but set to not exported to explicitly avoid allowing another app to call it.
143        -->
144        <service
144-->[com.google.firebase:firebase-messaging:23.4.1] AndroidManifest.xml:46:9-53:19
145            android:name="com.google.firebase.messaging.FirebaseMessagingService"
145-->[com.google.firebase:firebase-messaging:23.4.1] AndroidManifest.xml:47:13-82
146            android:directBootAware="true"
146-->[com.google.firebase:firebase-messaging:23.4.1] AndroidManifest.xml:48:13-43
147            android:exported="false" >
147-->[com.google.firebase:firebase-messaging:23.4.1] AndroidManifest.xml:49:13-37
148            <intent-filter android:priority="-500" >
148-->src/main/AndroidManifest.xml:73:13-75:29
149                <action android:name="com.google.firebase.MESSAGING_EVENT" />
149-->src/main/AndroidManifest.xml:74:17-78
149-->src/main/AndroidManifest.xml:74:25-75
150            </intent-filter>
151        </service>
152        <service
152-->[com.google.firebase:firebase-messaging:23.4.1] AndroidManifest.xml:54:9-63:19
153            android:name="com.google.firebase.components.ComponentDiscoveryService"
153-->[com.google.firebase:firebase-messaging:23.4.1] AndroidManifest.xml:55:13-84
154            android:directBootAware="true"
154-->[com.google.firebase:firebase-common:20.4.2] AndroidManifest.xml:32:13-43
155            android:exported="false" >
155-->[com.google.firebase:firebase-messaging:23.4.1] AndroidManifest.xml:56:13-37
156            <meta-data
156-->[com.google.firebase:firebase-messaging:23.4.1] AndroidManifest.xml:57:13-59:85
157                android:name="com.google.firebase.components:com.google.firebase.messaging.FirebaseMessagingKtxRegistrar"
157-->[com.google.firebase:firebase-messaging:23.4.1] AndroidManifest.xml:58:17-122
158                android:value="com.google.firebase.components.ComponentRegistrar" />
158-->[com.google.firebase:firebase-messaging:23.4.1] AndroidManifest.xml:59:17-82
159            <meta-data
159-->[com.google.firebase:firebase-messaging:23.4.1] AndroidManifest.xml:60:13-62:85
160                android:name="com.google.firebase.components:com.google.firebase.messaging.FirebaseMessagingRegistrar"
160-->[com.google.firebase:firebase-messaging:23.4.1] AndroidManifest.xml:61:17-119
161                android:value="com.google.firebase.components.ComponentRegistrar" />
161-->[com.google.firebase:firebase-messaging:23.4.1] AndroidManifest.xml:62:17-82
162            <meta-data
162-->[com.google.firebase:firebase-firestore:24.10.2] AndroidManifest.xml:17:13-19:85
163                android:name="com.google.firebase.components:com.google.firebase.firestore.FirebaseFirestoreKtxRegistrar"
163-->[com.google.firebase:firebase-firestore:24.10.2] AndroidManifest.xml:18:17-122
164                android:value="com.google.firebase.components.ComponentRegistrar" />
164-->[com.google.firebase:firebase-firestore:24.10.2] AndroidManifest.xml:19:17-82
165            <meta-data
165-->[com.google.firebase:firebase-firestore:24.10.2] AndroidManifest.xml:20:13-22:85
166                android:name="com.google.firebase.components:com.google.firebase.firestore.FirestoreRegistrar"
166-->[com.google.firebase:firebase-firestore:24.10.2] AndroidManifest.xml:21:17-111
167                android:value="com.google.firebase.components.ComponentRegistrar" />
167-->[com.google.firebase:firebase-firestore:24.10.2] AndroidManifest.xml:22:17-82
168            <meta-data
168-->[com.google.firebase:firebase-datatransport:18.1.7] AndroidManifest.xml:27:13-29:85
169                android:name="com.google.firebase.components:com.google.firebase.datatransport.TransportRegistrar"
169-->[com.google.firebase:firebase-datatransport:18.1.7] AndroidManifest.xml:28:17-115
170                android:value="com.google.firebase.components.ComponentRegistrar" />
170-->[com.google.firebase:firebase-datatransport:18.1.7] AndroidManifest.xml:29:17-82
171            <meta-data
171-->[com.google.firebase:firebase-installations:17.2.0] AndroidManifest.xml:15:13-17:85
172                android:name="com.google.firebase.components:com.google.firebase.installations.FirebaseInstallationsKtxRegistrar"
172-->[com.google.firebase:firebase-installations:17.2.0] AndroidManifest.xml:16:17-130
173                android:value="com.google.firebase.components.ComponentRegistrar" />
173-->[com.google.firebase:firebase-installations:17.2.0] AndroidManifest.xml:17:17-82
174            <meta-data
174-->[com.google.firebase:firebase-installations:17.2.0] AndroidManifest.xml:18:13-20:85
175                android:name="com.google.firebase.components:com.google.firebase.installations.FirebaseInstallationsRegistrar"
175-->[com.google.firebase:firebase-installations:17.2.0] AndroidManifest.xml:19:17-127
176                android:value="com.google.firebase.components.ComponentRegistrar" />
176-->[com.google.firebase:firebase-installations:17.2.0] AndroidManifest.xml:20:17-82
177            <meta-data
177-->[com.google.firebase:firebase-common-ktx:20.4.2] AndroidManifest.xml:12:13-14:85
178                android:name="com.google.firebase.components:com.google.firebase.ktx.FirebaseCommonLegacyRegistrar"
178-->[com.google.firebase:firebase-common-ktx:20.4.2] AndroidManifest.xml:13:17-116
179                android:value="com.google.firebase.components.ComponentRegistrar" />
179-->[com.google.firebase:firebase-common-ktx:20.4.2] AndroidManifest.xml:14:17-82
180            <meta-data
180-->[com.google.firebase:firebase-common:20.4.2] AndroidManifest.xml:35:13-37:85
181                android:name="com.google.firebase.components:com.google.firebase.FirebaseCommonKtxRegistrar"
181-->[com.google.firebase:firebase-common:20.4.2] AndroidManifest.xml:36:17-109
182                android:value="com.google.firebase.components.ComponentRegistrar" />
182-->[com.google.firebase:firebase-common:20.4.2] AndroidManifest.xml:37:17-82
183        </service>
184        <service
184-->[com.google.android.datatransport:transport-backend-cct:3.1.8] AndroidManifest.xml:28:9-34:19
185            android:name="com.google.android.datatransport.runtime.backends.TransportBackendDiscovery"
185-->[com.google.android.datatransport:transport-backend-cct:3.1.8] AndroidManifest.xml:29:13-103
186            android:exported="false" >
186-->[com.google.android.datatransport:transport-backend-cct:3.1.8] AndroidManifest.xml:30:13-37
187            <meta-data
187-->[com.google.android.datatransport:transport-backend-cct:3.1.8] AndroidManifest.xml:31:13-33:39
188                android:name="backend:com.google.android.datatransport.cct.CctBackendFactory"
188-->[com.google.android.datatransport:transport-backend-cct:3.1.8] AndroidManifest.xml:32:17-94
189                android:value="cct" />
189-->[com.google.android.datatransport:transport-backend-cct:3.1.8] AndroidManifest.xml:33:17-36
190        </service>
191        <service
191-->[com.google.android.datatransport:transport-runtime:3.1.8] AndroidManifest.xml:26:9-30:19
192            android:name="com.google.android.datatransport.runtime.scheduling.jobscheduling.JobInfoSchedulerService"
192-->[com.google.android.datatransport:transport-runtime:3.1.8] AndroidManifest.xml:27:13-117
193            android:exported="false"
193-->[com.google.android.datatransport:transport-runtime:3.1.8] AndroidManifest.xml:28:13-37
194            android:permission="android.permission.BIND_JOB_SERVICE" >
194-->[com.google.android.datatransport:transport-runtime:3.1.8] AndroidManifest.xml:29:13-69
195        </service>
196
197        <receiver
197-->[com.google.android.datatransport:transport-runtime:3.1.8] AndroidManifest.xml:32:9-34:40
198            android:name="com.google.android.datatransport.runtime.scheduling.jobscheduling.AlarmManagerSchedulerBroadcastReceiver"
198-->[com.google.android.datatransport:transport-runtime:3.1.8] AndroidManifest.xml:33:13-132
199            android:exported="false" />
199-->[com.google.android.datatransport:transport-runtime:3.1.8] AndroidManifest.xml:34:13-37
200
201        <provider
201-->[com.google.firebase:firebase-common:20.4.2] AndroidManifest.xml:23:9-28:39
202            android:name="com.google.firebase.provider.FirebaseInitProvider"
202-->[com.google.firebase:firebase-common:20.4.2] AndroidManifest.xml:24:13-77
203            android:authorities="com.example.suma.firebaseinitprovider"
203-->[com.google.firebase:firebase-common:20.4.2] AndroidManifest.xml:25:13-72
204            android:directBootAware="true"
204-->[com.google.firebase:firebase-common:20.4.2] AndroidManifest.xml:26:13-43
205            android:exported="false"
205-->[com.google.firebase:firebase-common:20.4.2] AndroidManifest.xml:27:13-37
206            android:initOrder="100" />
206-->[com.google.firebase:firebase-common:20.4.2] AndroidManifest.xml:28:13-36
207
208        <activity
208-->[com.google.android.gms:play-services-base:18.0.1] AndroidManifest.xml:20:9-22:45
209            android:name="com.google.android.gms.common.api.GoogleApiActivity"
209-->[com.google.android.gms:play-services-base:18.0.1] AndroidManifest.xml:20:19-85
210            android:exported="false"
210-->[com.google.android.gms:play-services-base:18.0.1] AndroidManifest.xml:22:19-43
211            android:theme="@android:style/Theme.Translucent.NoTitleBar" />
211-->[com.google.android.gms:play-services-base:18.0.1] AndroidManifest.xml:21:19-78
212
213        <provider
213-->[androidx.emoji2:emoji2:1.2.0] AndroidManifest.xml:24:9-32:20
214            android:name="androidx.startup.InitializationProvider"
214-->[androidx.emoji2:emoji2:1.2.0] AndroidManifest.xml:25:13-67
215            android:authorities="com.example.suma.androidx-startup"
215-->[androidx.emoji2:emoji2:1.2.0] AndroidManifest.xml:26:13-68
216            android:exported="false" >
216-->[androidx.emoji2:emoji2:1.2.0] AndroidManifest.xml:27:13-37
217            <meta-data
217-->[androidx.emoji2:emoji2:1.2.0] AndroidManifest.xml:29:13-31:52
218                android:name="androidx.emoji2.text.EmojiCompatInitializer"
218-->[androidx.emoji2:emoji2:1.2.0] AndroidManifest.xml:30:17-75
219                android:value="androidx.startup" />
219-->[androidx.emoji2:emoji2:1.2.0] AndroidManifest.xml:31:17-49
220            <meta-data
220-->[androidx.lifecycle:lifecycle-process:2.6.1] AndroidManifest.xml:29:13-31:52
221                android:name="androidx.lifecycle.ProcessLifecycleInitializer"
221-->[androidx.lifecycle:lifecycle-process:2.6.1] AndroidManifest.xml:30:17-78
222                android:value="androidx.startup" />
222-->[androidx.lifecycle:lifecycle-process:2.6.1] AndroidManifest.xml:31:17-49
223            <meta-data
223-->[androidx.profileinstaller:profileinstaller:1.3.0] AndroidManifest.xml:29:13-31:52
224                android:name="androidx.profileinstaller.ProfileInstallerInitializer"
224-->[androidx.profileinstaller:profileinstaller:1.3.0] AndroidManifest.xml:30:17-85
225                android:value="androidx.startup" />
225-->[androidx.profileinstaller:profileinstaller:1.3.0] AndroidManifest.xml:31:17-49
226        </provider>
227
228        <meta-data
228-->[com.google.android.gms:play-services-basement:18.1.0] AndroidManifest.xml:21:9-23:69
229            android:name="com.google.android.gms.version"
229-->[com.google.android.gms:play-services-basement:18.1.0] AndroidManifest.xml:22:13-58
230            android:value="@integer/google_play_services_version" />
230-->[com.google.android.gms:play-services-basement:18.1.0] AndroidManifest.xml:23:13-66
231
232        <receiver
232-->[androidx.profileinstaller:profileinstaller:1.3.0] AndroidManifest.xml:34:9-52:20
233            android:name="androidx.profileinstaller.ProfileInstallReceiver"
233-->[androidx.profileinstaller:profileinstaller:1.3.0] AndroidManifest.xml:35:13-76
234            android:directBootAware="false"
234-->[androidx.profileinstaller:profileinstaller:1.3.0] AndroidManifest.xml:36:13-44
235            android:enabled="true"
235-->[androidx.profileinstaller:profileinstaller:1.3.0] AndroidManifest.xml:37:13-35
236            android:exported="true"
236-->[androidx.profileinstaller:profileinstaller:1.3.0] AndroidManifest.xml:38:13-36
237            android:permission="android.permission.DUMP" >
237-->[androidx.profileinstaller:profileinstaller:1.3.0] AndroidManifest.xml:39:13-57
238            <intent-filter>
238-->[androidx.profileinstaller:profileinstaller:1.3.0] AndroidManifest.xml:40:13-42:29
239                <action android:name="androidx.profileinstaller.action.INSTALL_PROFILE" />
239-->[androidx.profileinstaller:profileinstaller:1.3.0] AndroidManifest.xml:41:17-91
239-->[androidx.profileinstaller:profileinstaller:1.3.0] AndroidManifest.xml:41:25-88
240            </intent-filter>
241            <intent-filter>
241-->[androidx.profileinstaller:profileinstaller:1.3.0] AndroidManifest.xml:43:13-45:29
242                <action android:name="androidx.profileinstaller.action.SKIP_FILE" />
242-->[androidx.profileinstaller:profileinstaller:1.3.0] AndroidManifest.xml:44:17-85
242-->[androidx.profileinstaller:profileinstaller:1.3.0] AndroidManifest.xml:44:25-82
243            </intent-filter>
244            <intent-filter>
244-->[androidx.profileinstaller:profileinstaller:1.3.0] AndroidManifest.xml:46:13-48:29
245                <action android:name="androidx.profileinstaller.action.SAVE_PROFILE" />
245-->[androidx.profileinstaller:profileinstaller:1.3.0] AndroidManifest.xml:47:17-88
245-->[androidx.profileinstaller:profileinstaller:1.3.0] AndroidManifest.xml:47:25-85
246            </intent-filter>
247            <intent-filter>
247-->[androidx.profileinstaller:profileinstaller:1.3.0] AndroidManifest.xml:49:13-51:29
248                <action android:name="androidx.profileinstaller.action.BENCHMARK_OPERATION" />
248-->[androidx.profileinstaller:profileinstaller:1.3.0] AndroidManifest.xml:50:17-95
248-->[androidx.profileinstaller:profileinstaller:1.3.0] AndroidManifest.xml:50:25-92
249            </intent-filter>
250        </receiver>
251    </application>
252
253</manifest>